<?xml version="1.0" encoding="UTF-8"?>
<testsuite xmlns:xsi="http://www.w3.org/2001/XMLSchema-instance" xsi:noNamespaceSchemaLocation="https://maven.apache.org/surefire/maven-surefire-plugin/xsd/surefire-test-report.xsd" name="com.feixiang.Test" time="0.029" tests="1" errors="0" skipped="0" failures="0">
  <properties>
    <property name="sun.desktop" value="windows"/>
    <property name="awt.toolkit" value="sun.awt.windows.WToolkit"/>
    <property name="file.encoding.pkg" value="sun.io"/>
    <property name="java.specification.version" value="1.8"/>
    <property name="sun.cpu.isalist" value="amd64"/>
    <property name="sun.jnu.encoding" value="GBK"/>
    <property name="java.class.path" value="F:\work\feixiang\feixiang\feixiang-netty\target\test-classes;F:\work\feixiang\feixiang\feixiang-netty\target\classes;F:\maven\repository\junit\junit\4.11\junit-4.11.jar;F:\maven\repository\org\hamcrest\hamcrest-core\1.3\hamcrest-core-1.3.jar;F:\maven\repository\org\projectlombok\lombok\1.16.20\lombok-1.16.20.jar;"/>
    <property name="java.vm.vendor" value="Oracle Corporation"/>
    <property name="sun.arch.data.model" value="64"/>
    <property name="user.variant" value=""/>
    <property name="java.vendor.url" value="http://java.oracle.com/"/>
    <property name="user.timezone" value=""/>
    <property name="java.vm.specification.version" value="1.8"/>
    <property name="os.name" value="Windows 10"/>
    <property name="user.country" value="CN"/>
    <property name="sun.java.launcher" value="SUN_STANDARD"/>
    <property name="sun.boot.library.path" value="F:\java\jdk1.8.0_202\jre\bin"/>
    <property name="sun.java.command" value="C:\Users\zy\AppData\Local\Temp\surefire2762190831081901873\surefirebooter860408834437495864.jar C:\Users\zy\AppData\Local\Temp\surefire2762190831081901873 2019-12-21T01-09-39_613-jvmRun1 surefire899064162452982457tmp surefire_03297979921980521904tmp"/>
    <property name="surefire.test.class.path" value="F:\work\feixiang\feixiang\feixiang-netty\target\test-classes;F:\work\feixiang\feixiang\feixiang-netty\target\classes;F:\maven\repository\junit\junit\4.11\junit-4.11.jar;F:\maven\repository\org\hamcrest\hamcrest-core\1.3\hamcrest-core-1.3.jar;F:\maven\repository\org\projectlombok\lombok\1.16.20\lombok-1.16.20.jar;"/>
    <property name="sun.cpu.endian" value="little"/>
    <property name="user.home" value="C:\Users\zy"/>
    <property name="user.language" value="zh"/>
    <property name="java.specification.vendor" value="Oracle Corporation"/>
    <property name="java.home" value="F:\java\jdk1.8.0_202\jre"/>
    <property name="basedir" value="F:\work\feixiang\feixiang\feixiang-netty"/>
    <property name="file.separator" value="\"/>
    <property name="line.separator" value="&#10;"/>
    <property name="idea.version2019.2.3" value="true"/>
    <property name="java.vm.specification.vendor" value="Oracle Corporation"/>
    <property name="java.specification.name" value="Java Platform API Specification"/>
    <property name="java.awt.graphicsenv" value="sun.awt.Win32GraphicsEnvironment"/>
    <property name="surefire.real.class.path" value="C:\Users\zy\AppData\Local\Temp\surefire2762190831081901873\surefirebooter860408834437495864.jar"/>
    <property name="sun.boot.class.path" value="F:\java\jdk1.8.0_202\jre\lib\resources.jar;F:\java\jdk1.8.0_202\jre\lib\rt.jar;F:\java\jdk1.8.0_202\jre\lib\sunrsasign.jar;F:\java\jdk1.8.0_202\jre\lib\jsse.jar;F:\java\jdk1.8.0_202\jre\lib\jce.jar;F:\java\jdk1.8.0_202\jre\lib\charsets.jar;F:\java\jdk1.8.0_202\jre\lib\jfr.jar;F:\java\jdk1.8.0_202\jre\classes"/>
    <property name="user.script" value=""/>
    <property name="sun.management.compiler" value="HotSpot 64-Bit Tiered Compilers"/>
    <property name="java.runtime.version" value="1.8.0_202-b08"/>
    <property name="user.name" value="zy"/>
    <property name="path.separator" value=";"/>
    <property name="os.version" value="10.0"/>
    <property name="java.endorsed.dirs" value="F:\java\jdk1.8.0_202\jre\lib\endorsed"/>
    <property name="java.runtime.name" value="Java(TM) SE Runtime Environment"/>
    <property name="file.encoding" value="GBK"/>
    <property name="java.vm.name" value="Java HotSpot(TM) 64-Bit Server VM"/>
    <property name="localRepository" value="F:\maven\repository"/>
    <property name="java.vendor.url.bug" value="http://bugreport.sun.com/bugreport/"/>
    <property name="java.io.tmpdir" value="C:\Users\zy\AppData\Local\Temp\"/>
    <property name="java.version" value="1.8.0_202"/>
    <property name="user.dir" value="F:\work\feixiang\feixiang\feixiang-netty"/>
    <property name="os.arch" value="amd64"/>
    <property name="java.vm.specification.name" value="Java Virtual Machine Specification"/>
    <property name="java.awt.printerjob" value="sun.awt.windows.WPrinterJob"/>
    <property name="sun.os.patch.level" value=""/>
    <property name="java.library.path" value="F:\java\jdk1.8.0_202\jre\bin;C:\WINDOWS\Sun\Java\bin;C:\WINDOWS\system32;C:\WINDOWS;C:\Program Files (x86)\Common Files\Oracle\Java\javapath;G:\Program Files\;C:\WINDOWS\system32;C:\WINDOWS;C:\WINDOWS\System32\Wbem;C:\WINDOWS\System32\WindowsPowerShell\v1.0\;C:\WINDOWS\System32\OpenSSH\;C:\Users\zy\AppData\Local\Microsoft\WindowsApps;;."/>
    <property name="java.vm.info" value="mixed mode"/>
    <property name="java.vendor" value="Oracle Corporation"/>
    <property name="java.vm.version" value="25.202-b08"/>
    <property name="java.ext.dirs" value="F:\java\jdk1.8.0_202\jre\lib\ext;C:\WINDOWS\Sun\Java\lib\ext"/>
    <property name="sun.io.unicode.encoding" value="UnicodeLittle"/>
    <property name="maven.repo.local" value="F:\maven\repository"/>
    <property name="java.class.version" value="52.0"/>
  </properties>
  <testcase name="test1" classname="com.feixiang.Test" time="0.001"/>
</testsuite>